<?xml version="1.0" encoding="UTF-8"?>
<!-- Generated by org.testng.reporters.JUnitXMLReporter -->
<testsuite hostname="computer003-PC" ignored="0" name="Test" tests="5" failures="0" timestamp="2020-01-06T19:41:32 IST" time="20.911" errors="0">
  <testcase name="initial" time="10.634" classname="com.automation.PracticeWebsite"/>
  <testcase name="radiobutton" time="0.1" classname="com.automation.PracticeWebsite"/>
  <testcase name="autocomplete" time="6.168" classname="com.automation.PracticeWebsite"/>
  <testcase name="newwindow" time="3.359" classname="com.automation.PracticeWebsite"/>
  <testcase name="finish" time="0.598" classname="com.automation.PracticeWebsite"/>
</testsuite> <!-- Test -->
