<?xml version="1.0" encoding="UTF-8"?>
<testsuite xmlns:xsi="http://www.w3.org/2001/XMLSchema-instance" xsi:noNamespaceSchemaLocation="https://maven.apache.org/surefire/maven-surefire-plugin/xsd/surefire-test-report-3.0.xsd" version="3.0" name="TestSuite" time="21.41" tests="5" errors="0" skipped="0" failures="0">
  <properties>
[...]
</properties>
  <testcase name="initial" classname="com.automation.PracticeWebsite" time="10.633"/>
  <testcase name="radiobutton" classname="com.automation.PracticeWebsite" time="0.103"/>
  <testcase name="autocomplete" classname="com.automation.PracticeWebsite" time="6.173"/>
  <testcase name="newwindow" classname="com.automation.PracticeWebsite" time="3.359"/>
  <testcase name="finish" classname="com.automation.PracticeWebsite" time="0.596"/>
</testsuite>