<?xml version="1.0" encoding="UTF-8"?>
<testng-results skipped="0" failed="0" ignored="0" total="5" passed="5">
  <reporter-output>
  </reporter-output>
  <suite name="Suite" duration-ms="20911" started-at="2020-01-06T19:41:11 IST" finished-at="2020-01-06T19:41:32 IST">
    <groups>
    </groups>
    <test name="Test" duration-ms="20911" started-at="2020-01-06T19:41:11 IST" finished-at="2020-01-06T19:41:32 IST">
      <class name="com.automation.PracticeWebsite">
        <test-method status="PASS" signature="initial()[pri:0, instance:com.automation.PracticeWebsite@6adede5]" name="initial" duration-ms="10634" started-at="2020-01-06T19:41:11 IST" finished-at="2020-01-06T19:41:22 IST">
          <reporter-output>
          </reporter-output>
        </test-method> <!-- initial -->
        <test-method status="PASS" signature="radiobutton()[pri:1, instance:com.automation.PracticeWebsite@6adede5]" name="radiobutton" duration-ms="100" started-at="2020-01-06T19:41:22 IST" finished-at="2020-01-06T19:41:22 IST">
          <reporter-output>
          </reporter-output>
        </test-method> <!-- radiobutton -->
        <test-method status="PASS" signature="autocomplete(java.lang.String)[pri:2, instance:com.automation.PracticeWebsite@6adede5]" name="autocomplete" duration-ms="6168" started-at="2020-01-06T19:41:22 IST" finished-at="2020-01-06T19:41:28 IST">
          <params>
            <param index="0">
              <value>
                <![CDATA[India]]>
              </value>
            </param>
          </params>
          <reporter-output>
          </reporter-output>
        </test-method> <!-- autocomplete -->
        <test-method status="PASS" signature="newwindow()[pri:3, instance:com.automation.PracticeWebsite@6adede5]" name="newwindow" duration-ms="3359" started-at="2020-01-06T19:41:28 IST" finished-at="2020-01-06T19:41:31 IST">
          <reporter-output>
          </reporter-output>
        </test-method> <!-- newwindow -->
        <test-method status="PASS" signature="finish()[pri:4, instance:com.automation.PracticeWebsite@6adede5]" name="finish" duration-ms="598" started-at="2020-01-06T19:41:31 IST" finished-at="2020-01-06T19:41:32 IST">
          <reporter-output>
          </reporter-output>
        </test-method> <!-- finish -->
      </class> <!-- com.automation.PracticeWebsite -->
    </test> <!-- Test -->
  </suite> <!-- Suite -->
</testng-results>
