<?xml version="1.0" encoding="UTF-8"?>
<testng-results skipped="0" failed="0" ignored="0" total="5" passed="5">
  <reporter-output>
  </reporter-output>
  <suite name="Suite" duration-ms="22114" started-at="2020-01-06T12:31:29 IST" finished-at="2020-01-06T12:31:51 IST">
    <groups>
    </groups>
    <test name="Test" duration-ms="22114" started-at="2020-01-06T12:31:29 IST" finished-at="2020-01-06T12:31:51 IST">
      <class name="com.automation.PracticeWebsite">
        <test-method status="PASS" signature="initial()[pri:0, instance:com.automation.PracticeWebsite@5a8806ef]" name="initial" duration-ms="11548" started-at="2020-01-06T12:31:29 IST" finished-at="2020-01-06T12:31:41 IST">
          <reporter-output>
          </reporter-output>
        </test-method> <!-- initial -->
        <test-method status="PASS" signature="radiobutton()[pri:1, instance:com.automation.PracticeWebsite@5a8806ef]" name="radiobutton" duration-ms="117" started-at="2020-01-06T12:31:41 IST" finished-at="2020-01-06T12:31:41 IST">
          <reporter-output>
          </reporter-output>
        </test-method> <!-- radiobutton -->
        <test-method status="PASS" signature="autocomplete(java.lang.String)[pri:2, instance:com.automation.PracticeWebsite@5a8806ef]" name="autocomplete" duration-ms="6235" started-at="2020-01-06T12:31:41 IST" finished-at="2020-01-06T12:31:47 IST">
          <params>
            <param index="0">
              <value>
                <![CDATA[India]]>
              </value>
            </param>
          </params>
          <reporter-output>
          </reporter-output>
        </test-method> <!-- autocomplete -->
        <test-method status="PASS" signature="newwindow()[pri:3, instance:com.automation.PracticeWebsite@5a8806ef]" name="newwindow" duration-ms="3464" started-at="2020-01-06T12:31:47 IST" finished-at="2020-01-06T12:31:51 IST">
          <reporter-output>
          </reporter-output>
        </test-method> <!-- newwindow -->
        <test-method status="PASS" signature="finish()[pri:4, instance:com.automation.PracticeWebsite@5a8806ef]" name="finish" duration-ms="662" started-at="2020-01-06T12:31:51 IST" finished-at="2020-01-06T12:31:51 IST">
          <reporter-output>
          </reporter-output>
        </test-method> <!-- finish -->
      </class> <!-- com.automation.PracticeWebsite -->
    </test> <!-- Test -->
  </suite> <!-- Suite -->
</testng-results>
